<?xml version="1.0" encoding="UTF-8"?>
<testng-results skipped="0" failed="0" ignored="0" total="5" passed="5">
  <reporter-output>
  </reporter-output>
  <suite name="APITesting" duration-ms="33094" started-at="2022-02-24T16:50:15 CST" finished-at="2022-02-24T16:50:48 CST">
    <groups>
    </groups>
    <test name="TekarchAppTesting" duration-ms="33094" started-at="2022-02-24T16:50:15 CST" finished-at="2022-02-24T16:50:48 CST">
      <class name="com.test.tests.TekarchAppTestScriptE2E">
        <test-method status="PASS" signature="setUp()[pri:0, instance:com.test.tests.TekarchAppTestScriptE2E@6f195bc3]" name="setUp" is-config="true" duration-ms="317" started-at="2022-02-24T16:50:15 CST" finished-at="2022-02-24T16:50:15 CST">
          <reporter-output>
          </reporter-output>
        </test-method> <!-- setUp -->
        <test-method status="PASS" signature="login()[pri:0, instance:com.test.tests.TekarchAppTestScriptE2E@6f195bc3]" name="login" duration-ms="3676" started-at="2022-02-24T16:50:15 CST" finished-at="2022-02-24T16:50:19 CST">
          <reporter-output>
          </reporter-output>
        </test-method> <!-- login -->
        <test-method status="PASS" signature="testAddUser()[pri:0, instance:com.test.tests.TekarchAppTestScriptE2E@6f195bc3]" name="testAddUser" duration-ms="8896" started-at="2022-02-24T16:50:19 CST" finished-at="2022-02-24T16:50:28 CST">
          <reporter-output>
          </reporter-output>
        </test-method> <!-- testAddUser -->
        <test-method status="PASS" signature="testDeleteUser()[pri:0, instance:com.test.tests.TekarchAppTestScriptE2E@6f195bc3]" name="testDeleteUser" duration-ms="2920" started-at="2022-02-24T16:50:28 CST" depends-on-methods="com.test.tests.TekarchAppTestScriptE2E.testAddUser" finished-at="2022-02-24T16:50:31 CST">
          <reporter-output>
          </reporter-output>
        </test-method> <!-- testDeleteUser -->
        <test-method status="PASS" signature="testGetAllUser()[pri:0, instance:com.test.tests.TekarchAppTestScriptE2E@6f195bc3]" name="testGetAllUser" duration-ms="7221" started-at="2022-02-24T16:50:31 CST" finished-at="2022-02-24T16:50:38 CST">
          <reporter-output>
          </reporter-output>
        </test-method> <!-- testGetAllUser -->
        <test-method status="PASS" signature="testUpdateUser()[pri:1, instance:com.test.tests.TekarchAppTestScriptE2E@6f195bc3]" name="testUpdateUser" duration-ms="10025" started-at="2022-02-24T16:50:38 CST" depends-on-methods="com.test.tests.TekarchAppTestScriptE2E.testAddUser" finished-at="2022-02-24T16:50:48 CST">
          <reporter-output>
          </reporter-output>
        </test-method> <!-- testUpdateUser -->
      </class> <!-- com.test.tests.TekarchAppTestScriptE2E -->
    </test> <!-- TekarchAppTesting -->
  </suite> <!-- APITesting -->
</testng-results>
