<?xml version="1.0" encoding="UTF-8"?>
<!-- Generated by org.testng.reporters.JUnitXMLReporter -->
<testsuite hostname="DESKTOP-D2KIIH1" ignored="0" name="TekarchAppTesting" tests="5" failures="0" timestamp="2022-02-24T16:50:48 CST" time="33.094" errors="0">
  <testcase name="login" time="3.676" classname="com.test.tests.TekarchAppTestScriptE2E"/>
  <testcase name="testAddUser" time="8.896" classname="com.test.tests.TekarchAppTestScriptE2E"/>
  <testcase name="testDeleteUser" time="2.92" classname="com.test.tests.TekarchAppTestScriptE2E"/>
  <testcase name="testGetAllUser" time="7.221" classname="com.test.tests.TekarchAppTestScriptE2E"/>
  <testcase name="testUpdateUser" time="10.025" classname="com.test.tests.TekarchAppTestScriptE2E"/>
</testsuite> <!-- TekarchAppTesting -->
